<?xml version="1.0" encoding="UTF-8"?>
<testsuite name="java_snake.MenuTest" tests="3" skipped="0" failures="0" errors="0" timestamp="2026-02-17T22:22:38.744Z" hostname="Arda-MacBook-Air.local" time="0.173">
  <properties/>
  <testcase name="testMenuExists()" classname="java_snake.MenuTest" time="0.0"/>
  <testcase name="testMenuSettingsWorks()" classname="java_snake.MenuTest" time="0.099"/>
  <testcase name="testMenuStartWorks()" classname="java_snake.MenuTest" time="0.074"/>
  <system-out><![CDATA[]]></system-out>
  <system-err><![CDATA[]]></system-err>
</testsuite>
