<?xml version="1.0" encoding="UTF-8"?>
<testsuite name="java_snake.MenuTest" tests="3" skipped="0" failures="0" errors="0" timestamp="2026-02-18T12:40:15.535Z" hostname="Arda-MacBook-Air.local" time="0.169">
  <properties/>
  <testcase name="testMenuExists()" classname="java_snake.MenuTest" time="0.001"/>
  <testcase name="testMenuSettingsWorks()" classname="java_snake.MenuTest" time="0.096"/>
  <testcase name="testMenuStartWorks()" classname="java_snake.MenuTest" time="0.072"/>
  <system-out><![CDATA[]]></system-out>
  <system-err><![CDATA[]]></system-err>
</testsuite>
