<?xml version="1.0" encoding="UTF-8"?>
<testsuite name="java_snake.SnakeTest" tests="5" skipped="0" failures="0" errors="0" timestamp="2026-02-17T22:34:58.420Z" hostname="Arda-MacBook-Air.local" time="0.003">
  <properties/>
  <testcase name="testSelfCollision()" classname="java_snake.SnakeTest" time="0.001"/>
  <testcase name="testGrow()" classname="java_snake.SnakeTest" time="0.0"/>
  <testcase name="testMove()" classname="java_snake.SnakeTest" time="0.001"/>
  <testcase name="testPreventReverseDirection()" classname="java_snake.SnakeTest" time="0.0"/>
  <testcase name="testInitialState()" classname="java_snake.SnakeTest" time="0.001"/>
  <system-out><![CDATA[]]></system-out>
  <system-err><![CDATA[]]></system-err>
</testsuite>
